#! /opt/homebrew/Cellar/icarus-verilog/12.0/bin/vvp
:ivl_version "12.0 (stable)";
:ivl_delay_selection "TYPICAL";
:vpi_time_precision - 12;
:vpi_module "/opt/homebrew/Cellar/icarus-verilog/12.0/lib/ivl/system.vpi";
:vpi_module "/opt/homebrew/Cellar/icarus-verilog/12.0/lib/ivl/vhdl_sys.vpi";
:vpi_module "/opt/homebrew/Cellar/icarus-verilog/12.0/lib/ivl/vhdl_textio.vpi";
:vpi_module "/opt/homebrew/Cellar/icarus-verilog/12.0/lib/ivl/v2005_math.vpi";
:vpi_module "/opt/homebrew/Cellar/icarus-verilog/12.0/lib/ivl/va_math.vpi";
:vpi_module "/opt/homebrew/Cellar/icarus-verilog/12.0/lib/ivl/v2009.vpi";
S_0x131811990 .scope package, "$unit" "$unit" 2 1;
 .timescale 0 0;
S_0x13180bd30 .scope module, "i2s_tb" "i2s_tb" 3 4;
 .timescale -9 -12;
v0x1318273b0_0 .net "audio_out", 63 0, v0x1318269d0_0;  1 drivers
v0x131827440_0 .var "clk_in", 0 0;
v0x1318274d0_0 .net "data_valid_out", 0 0, v0x131826bd0_0;  1 drivers
v0x131827560_0 .net "i2s_clk", 0 0, L_0x131827820;  1 drivers
v0x1318275f0_0 .net "lrcl_clk", 0 0, L_0x131827e80;  1 drivers
v0x1318276c0_0 .var "mic_data", 0 0;
v0x131827770_0 .var "rst_in", 0 0;
S_0x13180bea0 .scope module, "uut" "i2s" 3 13, 4 1 0, S_0x13180bd30;
 .timescale 0 0;
    .port_info 0 /INPUT 1 "mic_data";
    .port_info 1 /INPUT 1 "audio_clk";
    .port_info 2 /INPUT 1 "rst_in";
    .port_info 3 /OUTPUT 1 "i2s_clk";
    .port_info 4 /OUTPUT 1 "lrcl_clk";
    .port_info 5 /OUTPUT 1 "data_valid_out";
    .port_info 6 /OUTPUT 64 "audio_out";
enum0x13180ef20 .enum2/s (32)
   "IDLE" 0,
   "ACCUMULATING" 1,
   "SENDING_DATA" 2
 ;
L_0x131827e80 .functor AND 1, L_0x131827a90, L_0x131827d10, C4<1>, C4<1>;
v0x131808340_0 .net *"_ivl_10", 31 0, L_0x131827bb0;  1 drivers
L_0x1380880a0 .functor BUFT 1, C4<000000000000000000000>, C4<0>, C4<0>, C4<0>;
v0x1318263e0_0 .net *"_ivl_13", 20 0, L_0x1380880a0;  1 drivers
L_0x1380880e8 .functor BUFT 1, C4<00000000000000000000010000100001>, C4<0>, C4<0>, C4<0>;
v0x131826480_0 .net/2u *"_ivl_14", 31 0, L_0x1380880e8;  1 drivers
v0x131826530_0 .net *"_ivl_16", 0 0, L_0x131827d10;  1 drivers
v0x1318265d0_0 .net *"_ivl_2", 31 0, L_0x131827900;  1 drivers
L_0x138088010 .functor BUFT 1, C4<000000000000000000000>, C4<0>, C4<0>, C4<0>;
v0x1318266c0_0 .net *"_ivl_5", 20 0, L_0x138088010;  1 drivers
L_0x138088058 .functor BUFT 1, C4<00000000000000000000000000011111>, C4<0>, C4<0>, C4<0>;
v0x131826770_0 .net/2u *"_ivl_6", 31 0, L_0x138088058;  1 drivers
v0x131826820_0 .net *"_ivl_8", 0 0, L_0x131827a90;  1 drivers
v0x1318268c0_0 .net "audio_clk", 0 0, v0x131827440_0;  1 drivers
v0x1318269d0_0 .var "audio_out", 63 0;
v0x131826a70_0 .var "build_up_audio", 63 0;
v0x131826b20_0 .var/2s "current_i2s_state", 31 0;
v0x131826bd0_0 .var "data_valid_out", 0 0;
v0x131826c70_0 .net "i2s_clk", 0 0, L_0x131827820;  alias, 1 drivers
v0x131826d10_0 .var "i2s_clk_counter", 4 0;
v0x131826dc0_0 .net "lrcl_clk", 0 0, L_0x131827e80;  alias, 1 drivers
v0x131826e60_0 .var "lrcl_counter", 10 0;
v0x131826ff0_0 .net "mic_data", 0 0, v0x1318276c0_0;  1 drivers
v0x131827080_0 .var "prev_i2s_clk", 0 0;
v0x131827110_0 .var "prev_lrcl_clk", 0 0;
v0x1318271b0_0 .net "rst_in", 0 0, v0x131827770_0;  1 drivers
v0x131827250_0 .var "total_bits_seen", 5 0;
E_0x131813b30 .event posedge, v0x1318268c0_0;
L_0x131827820 .part v0x131826d10_0, 4, 1;
L_0x131827900 .concat [ 11 21 0 0], v0x131826e60_0, L_0x138088010;
L_0x131827a90 .cmp/gt 32, L_0x131827900, L_0x138088058;
L_0x131827bb0 .concat [ 11 21 0 0], v0x131826e60_0, L_0x1380880a0;
L_0x131827d10 .cmp/gt 32, L_0x1380880e8, L_0x131827bb0;
    .scope S_0x13180bea0;
T_0 ;
    %wait E_0x131813b30;
    %load/vec4 v0x1318271b0_0;
    %flag_set/vec4 8;
    %jmp/0xz  T_0.0, 8;
    %pushi/vec4 0, 0, 11;
    %assign/vec4 v0x131826e60_0, 0;
    %pushi/vec4 0, 0, 5;
    %assign/vec4 v0x131826d10_0, 0;
    %pushi/vec4 0, 0, 64;
    %assign/vec4 v0x131826a70_0, 0;
    %pushi/vec4 0, 0, 32;
    %assign/vec4 v0x131826b20_0, 0;
    %jmp T_0.1;
T_0.0 ;
    %load/vec4 v0x131826b20_0;
    %dup/vec4;
    %pushi/vec4 0, 0, 32;
    %cmp/u;
    %jmp/1 T_0.2, 6;
    %dup/vec4;
    %pushi/vec4 1, 0, 32;
    %cmp/u;
    %jmp/1 T_0.3, 6;
    %dup/vec4;
    %pushi/vec4 2, 0, 32;
    %cmp/u;
    %jmp/1 T_0.4, 6;
    %jmp T_0.5;
T_0.2 ;
    %pushi/vec4 0, 0, 1;
    %assign/vec4 v0x131826bd0_0, 0;
    %pushi/vec4 0, 0, 64;
    %assign/vec4 v0x131826a70_0, 0;
    %pushi/vec4 0, 0, 6;
    %assign/vec4 v0x131827250_0, 0;
    %pushi/vec4 0, 0, 64;
    %assign/vec4 v0x1318269d0_0, 0;
    %load/vec4 v0x131827110_0;
    %inv;
    %flag_set/vec4 9;
    %flag_get/vec4 9;
    %jmp/0 T_0.8, 9;
    %load/vec4 v0x131826dc0_0;
    %and;
T_0.8;
    %flag_set/vec4 8;
    %jmp/0xz  T_0.6, 8;
    %pushi/vec4 1, 0, 32;
    %assign/vec4 v0x131826b20_0, 0;
T_0.6 ;
    %jmp T_0.5;
T_0.3 ;
    %load/vec4 v0x131827080_0;
    %flag_set/vec4 9;
    %flag_get/vec4 9;
    %jmp/0 T_0.11, 9;
    %load/vec4 v0x131826c70_0;
    %inv;
    %and;
T_0.11;
    %flag_set/vec4 8;
    %jmp/0xz  T_0.9, 8;
    %load/vec4 v0x131826a70_0;
    %parti/s 63, 0, 2;
    %load/vec4 v0x131826ff0_0;
    %concat/vec4; draw_concat_vec4
    %assign/vec4 v0x131826a70_0, 0;
    %load/vec4 v0x131827250_0;
    %addi 1, 0, 6;
    %assign/vec4 v0x131827250_0, 0;
    %load/vec4 v0x131827250_0;
    %cmpi/e 63, 0, 6;
    %jmp/0xz  T_0.12, 4;
    %pushi/vec4 2, 0, 32;
    %assign/vec4 v0x131826b20_0, 0;
T_0.12 ;
T_0.9 ;
    %jmp T_0.5;
T_0.4 ;
    %pushi/vec4 1, 0, 1;
    %assign/vec4 v0x131826bd0_0, 0;
    %load/vec4 v0x131826a70_0;
    %assign/vec4 v0x1318269d0_0, 0;
    %pushi/vec4 0, 0, 32;
    %assign/vec4 v0x131826b20_0, 0;
    %jmp T_0.5;
T_0.5 ;
    %pop/vec4 1;
T_0.1 ;
    %load/vec4 v0x131826d10_0;
    %addi 1, 0, 5;
    %assign/vec4 v0x131826d10_0, 0;
    %load/vec4 v0x131826e60_0;
    %addi 1, 0, 11;
    %assign/vec4 v0x131826e60_0, 0;
    %jmp T_0;
    .thread T_0;
    .scope S_0x13180bd30;
T_1 ;
    %delay 5000, 0;
    %load/vec4 v0x131827440_0;
    %nor/r;
    %store/vec4 v0x131827440_0, 0, 1;
    %jmp T_1;
    .thread T_1;
    .scope S_0x13180bd30;
T_2 ;
    %vpi_call/w 3 29 "$dumpfile", "i2s_tb.vcd" {0 0 0};
    %vpi_call/w 3 30 "$dumpvars", 32'sb00000000000000000000000000000000, S_0x13180bd30 {0 0 0};
    %vpi_call/w 3 31 "$display", "Starting Sim" {0 0 0};
    %pushi/vec4 0, 0, 1;
    %store/vec4 v0x131827440_0, 0, 1;
    %pushi/vec4 0, 0, 1;
    %store/vec4 v0x131827770_0, 0, 1;
    %delay 10000, 0;
    %pushi/vec4 1, 0, 1;
    %store/vec4 v0x131827770_0, 0, 1;
    %delay 10000, 0;
    %pushi/vec4 0, 0, 1;
    %store/vec4 v0x131827770_0, 0, 1;
    %pushi/vec4 1, 0, 1;
    %store/vec4 v0x1318276c0_0, 0, 1;
    %delay 10000000, 0;
    %end;
    .thread T_2;
# The file index is used to find the file name in the following table.
:file_names 5;
    "N/A";
    "<interactive>";
    "-";
    "sim/i2s_tb.sv";
    "hdl/i2s.sv";
