#-----------------------------------------------------------
# Vivado v2023.1 (64-bit)
# SW Build 3865809 on Sun May  7 15:04:56 MDT 2023
# IP Build 3864474 on Sun May  7 20:36:21 MDT 2023
# SharedData Build 3865790 on Sun May 07 13:33:03 MDT 2023
# Start of session at: Wed Nov  8 02:33:16 2023
# Process ID: 910
# Current directory: /home/fpga
# Command line: vivado -mode batch -source build.tcl
# Log file: /home/fpga/vivado.log
# Journal file: /home/fpga/vivado.jou
# Running On: worker, OS: Linux, CPU Frequency: 2100.000 MHz, CPU Physical cores: 1, Host memory: 6218 MB
#-----------------------------------------------------------
source build.tcl
# set partNum xc7s50csga324-1
# set outputDir obj
# file mkdir $outputDir
# set files [glob -nocomplain "$outputDir/*"]
# if {[llength $files] != 0} {
#     # clear folder contents
#     puts "deleting contents of $outputDir"
#     file delete -force {*}[glob -directory $outputDir *];
# } else {
#     puts "$outputDir is empty"
# }
obj is empty
# read_verilog -sv [ glob ./hdl/*.sv ]
# read_verilog  [ glob ./hdl/*.v ]
# read_xdc ./xdc/top_level.xdc
# set_part $partNum
INFO: [Coretcl 2-1500] The part has been set to 'xc7s50csga324-1' for the current project only. Run set_part -help for more details. To evaluate different speed grades in the current design, use the set_speed_grade command, or use the open_checkpoint -part command to change the part used by an existing checkpoint design.
# synth_design -top top_level -part $partNum -verbose
Command: synth_design -top top_level -part xc7s50csga324-1 -verbose
Starting synth_design
Attempting to get a license for feature 'Synthesis' and/or device 'xc7s50'
INFO: [Common 17-349] Got license for feature 'Synthesis' and/or device 'xc7s50'
INFO: [Device 21-403] Loading part xc7s50csga324-1
INFO: [Synth 8-7079] Multithreading enabled for synth_design using a maximum of 4 processes.
INFO: [Synth 8-7078] Launching helper process for spawning children vivado processes
INFO: [Synth 8-7075] Helper process launched with PID 919
WARNING: [Synth 8-10795] illegal cast without ' [/home/fpga/hdl/debouncer.sv:13]
WARNING: [Synth 8-11065] parameter 'COUNTER_MAX' becomes localparam in 'debouncer' with formal parameter declaration list [/home/fpga/hdl/debouncer.sv:13]
WARNING: [Synth 8-11065] parameter 'COUNTER_SIZE' becomes localparam in 'debouncer' with formal parameter declaration list [/home/fpga/hdl/debouncer.sv:14]
---------------------------------------------------------------------------------
Starting RTL Elaboration : Time (s): cpu = 00:00:02 ; elapsed = 00:00:04 . Memory (MB): peak = 1989.047 ; gain = 380.738 ; free physical = 3364 ; free virtual = 8843
---------------------------------------------------------------------------------
INFO: [Synth 8-6157] synthesizing module 'top_level' [/home/fpga/hdl/top_level.sv:1]
INFO: [Synth 8-6157] synthesizing module 'audio_clk_wiz' [/home/fpga/hdl/audio_clk_wiz.v:68]
INFO: [Synth 8-6157] synthesizing module 'IBUF' [/opt/Xilinx/Vivado/2023.1/scripts/rt/data/unisim_comp.v:71768]
INFO: [Synth 8-6155] done synthesizing module 'IBUF' (0#1) [/opt/Xilinx/Vivado/2023.1/scripts/rt/data/unisim_comp.v:71768]
INFO: [Synth 8-6157] synthesizing module 'MMCME2_ADV' [/opt/Xilinx/Vivado/2023.1/scripts/rt/data/unisim_comp.v:80311]
	Parameter BANDWIDTH bound to: OPTIMIZED - type: string 
	Parameter CLKFBOUT_MULT_F bound to: 57.750000 - type: double 
	Parameter CLKFBOUT_PHASE bound to: 0.000000 - type: double 
	Parameter CLKFBOUT_USE_FINE_PS bound to: FALSE - type: string 
	Parameter CLKIN1_PERIOD bound to: 10.000000 - type: double 
	Parameter CLKOUT0_DIVIDE_F bound to: 11.750000 - type: double 
	Parameter CLKOUT0_DUTY_CYCLE bound to: 0.500000 - type: double 
	Parameter CLKOUT0_PHASE bound to: 0.000000 - type: double 
	Parameter CLKOUT0_USE_FINE_PS bound to: FALSE - type: string 
	Parameter CLKOUT4_CASCADE bound to: FALSE - type: string 
	Parameter COMPENSATION bound to: ZHOLD - type: string 
	Parameter DIVCLK_DIVIDE bound to: 5 - type: integer 
	Parameter STARTUP_WAIT bound to: FALSE - type: string 
INFO: [Synth 8-6155] done synthesizing module 'MMCME2_ADV' (0#1) [/opt/Xilinx/Vivado/2023.1/scripts/rt/data/unisim_comp.v:80311]
INFO: [Synth 8-6157] synthesizing module 'BUFG' [/opt/Xilinx/Vivado/2023.1/scripts/rt/data/unisim_comp.v:1519]
INFO: [Synth 8-6155] done synthesizing module 'BUFG' (0#1) [/opt/Xilinx/Vivado/2023.1/scripts/rt/data/unisim_comp.v:1519]
INFO: [Synth 8-6155] done synthesizing module 'audio_clk_wiz' (0#1) [/home/fpga/hdl/audio_clk_wiz.v:68]
INFO: [Synth 8-6157] synthesizing module 'sine_generator' [/home/fpga/hdl/sine.sv:8]
INFO: [Synth 8-6157] synthesizing module 'sine_lut' [/home/fpga/hdl/sine.sv:33]
INFO: [Synth 8-6155] done synthesizing module 'sine_lut' (0#1) [/home/fpga/hdl/sine.sv:33]
INFO: [Synth 8-6155] done synthesizing module 'sine_generator' (0#1) [/home/fpga/hdl/sine.sv:8]
INFO: [Synth 8-6157] synthesizing module 'sine_generator__parameterized0' [/home/fpga/hdl/sine.sv:8]
	Parameter PHASE_INCR bound to: 157482134 - type: integer 
INFO: [Synth 8-6155] done synthesizing module 'sine_generator__parameterized0' (0#1) [/home/fpga/hdl/sine.sv:8]
INFO: [Synth 8-6157] synthesizing module 'pdm' [/home/fpga/hdl/pdm.sv:5]
INFO: [Synth 8-6155] done synthesizing module 'pdm' (0#1) [/home/fpga/hdl/pdm.sv:5]
INFO: [Synth 8-6155] done synthesizing module 'top_level' (0#1) [/home/fpga/hdl/top_level.sv:1]
WARNING: [Synth 8-3848] Net pmodb in module/entity top_level does not have driver. [/home/fpga/hdl/top_level.sv:5]
WARNING: [Synth 8-3848] Net ss0_c in module/entity top_level does not have driver. [/home/fpga/hdl/top_level.sv:7]
WARNING: [Synth 8-3848] Net ss1_c in module/entity top_level does not have driver. [/home/fpga/hdl/top_level.sv:7]
WARNING: [Synth 8-3848] Net ss0_an in module/entity top_level does not have driver. [/home/fpga/hdl/top_level.sv:8]
WARNING: [Synth 8-3848] Net ss1_an in module/entity top_level does not have driver. [/home/fpga/hdl/top_level.sv:8]
WARNING: [Synth 8-3848] Net uart_txd in module/entity top_level does not have driver. [/home/fpga/hdl/top_level.sv:12]
WARNING: [Synth 8-3917] design top_level has port rgb0[2] driven by constant 0
WARNING: [Synth 8-3917] design top_level has port rgb0[1] driven by constant 0
WARNING: [Synth 8-3917] design top_level has port rgb0[0] driven by constant 0
WARNING: [Synth 8-3917] design top_level has port rgb1[2] driven by constant 0
WARNING: [Synth 8-3917] design top_level has port rgb1[1] driven by constant 0
WARNING: [Synth 8-3917] design top_level has port rgb1[0] driven by constant 0
WARNING: [Synth 8-7129] Port pmodb[7] in module top_level is either unconnected or has no load
WARNING: [Synth 8-7129] Port pmodb[6] in module top_level is either unconnected or has no load
WARNING: [Synth 8-7129] Port pmodb[5] in module top_level is either unconnected or has no load
WARNING: [Synth 8-7129] Port pmodb[4] in module top_level is either unconnected or has no load
WARNING: [Synth 8-7129] Port pmodb[3] in module top_level is either unconnected or has no load
WARNING: [Synth 8-7129] Port pmodb[2] in module top_level is either unconnected or has no load
WARNING: [Synth 8-7129] Port pmodb[1] in module top_level is either unconnected or has no load
WARNING: [Synth 8-7129] Port pmodb[0] in module top_level is either unconnected or has no load
WARNING: [Synth 8-7129] Port ss0_c[6] in module top_level is either unconnected or has no load
WARNING: [Synth 8-7129] Port ss0_c[5] in module top_level is either unconnected or has no load
WARNING: [Synth 8-7129] Port ss0_c[4] in module top_level is either unconnected or has no load
WARNING: [Synth 8-7129] Port ss0_c[3] in module top_level is either unconnected or has no load
WARNING: [Synth 8-7129] Port ss0_c[2] in module top_level is either unconnected or has no load
WARNING: [Synth 8-7129] Port ss0_c[1] in module top_level is either unconnected or has no load
WARNING: [Synth 8-7129] Port ss0_c[0] in module top_level is either unconnected or has no load
WARNING: [Synth 8-7129] Port ss1_c[6] in module top_level is either unconnected or has no load
WARNING: [Synth 8-7129] Port ss1_c[5] in module top_level is either unconnected or has no load
WARNING: [Synth 8-7129] Port ss1_c[4] in module top_level is either unconnected or has no load
WARNING: [Synth 8-7129] Port ss1_c[3] in module top_level is either unconnected or has no load
WARNING: [Synth 8-7129] Port ss1_c[2] in module top_level is either unconnected or has no load
WARNING: [Synth 8-7129] Port ss1_c[1] in module top_level is either unconnected or has no load
WARNING: [Synth 8-7129] Port ss1_c[0] in module top_level is either unconnected or has no load
WARNING: [Synth 8-7129] Port ss0_an[3] in module top_level is either unconnected or has no load
WARNING: [Synth 8-7129] Port ss0_an[2] in module top_level is either unconnected or has no load
WARNING: [Synth 8-7129] Port ss0_an[1] in module top_level is either unconnected or has no load
WARNING: [Synth 8-7129] Port ss0_an[0] in module top_level is either unconnected or has no load
WARNING: [Synth 8-7129] Port ss1_an[3] in module top_level is either unconnected or has no load
WARNING: [Synth 8-7129] Port ss1_an[2] in module top_level is either unconnected or has no load
WARNING: [Synth 8-7129] Port ss1_an[1] in module top_level is either unconnected or has no load
WARNING: [Synth 8-7129] Port ss1_an[0] in module top_level is either unconnected or has no load
WARNING: [Synth 8-7129] Port uart_txd in module top_level is either unconnected or has no load
WARNING: [Synth 8-7129] Port pmoda[7] in module top_level is either unconnected or has no load
WARNING: [Synth 8-7129] Port pmoda[6] in module top_level is either unconnected or has no load
WARNING: [Synth 8-7129] Port pmoda[5] in module top_level is either unconnected or has no load
WARNING: [Synth 8-7129] Port pmoda[4] in module top_level is either unconnected or has no load
WARNING: [Synth 8-7129] Port pmoda[3] in module top_level is either unconnected or has no load
WARNING: [Synth 8-7129] Port pmoda[2] in module top_level is either unconnected or has no load
WARNING: [Synth 8-7129] Port pmoda[1] in module top_level is either unconnected or has no load
WARNING: [Synth 8-7129] Port pmoda[0] in module top_level is either unconnected or has no load
WARNING: [Synth 8-7129] Port btn[3] in module top_level is either unconnected or has no load
WARNING: [Synth 8-7129] Port btn[2] in module top_level is either unconnected or has no load
WARNING: [Synth 8-7129] Port btn[1] in module top_level is either unconnected or has no load
WARNING: [Synth 8-7129] Port uart_rxd in module top_level is either unconnected or has no load
---------------------------------------------------------------------------------
Finished RTL Elaboration : Time (s): cpu = 00:00:03 ; elapsed = 00:00:05 . Memory (MB): peak = 2054.016 ; gain = 445.707 ; free physical = 3235 ; free virtual = 8717
---------------------------------------------------------------------------------
---------------------------------------------------------------------------------
Start Handling Custom Attributes
---------------------------------------------------------------------------------
---------------------------------------------------------------------------------
Finished Handling Custom Attributes : Time (s): cpu = 00:00:03 ; elapsed = 00:00:05 . Memory (MB): peak = 2071.828 ; gain = 463.520 ; free physical = 3232 ; free virtual = 8714
---------------------------------------------------------------------------------
---------------------------------------------------------------------------------
Finished RTL Optimization Phase 1 : Time (s): cpu = 00:00:03 ; elapsed = 00:00:05 . Memory (MB): peak = 2071.828 ; gain = 463.520 ; free physical = 3232 ; free virtual = 8714
---------------------------------------------------------------------------------
Netlist sorting complete. Time (s): cpu = 00:00:00 ; elapsed = 00:00:00 . Memory (MB): peak = 2077.766 ; gain = 0.000 ; free physical = 3227 ; free virtual = 8709
INFO: [Netlist 29-17] Analyzing 1 Unisim elements for replacement
INFO: [Netlist 29-28] Unisim Transformation completed in 0 CPU seconds
INFO: [Project 1-570] Preparing netlist for logic optimization

Processing XDC Constraints
Initializing timing engine
Parsing XDC File [/home/fpga/xdc/top_level.xdc]
WARNING: [Vivado 12-584] No ports matched 'pmodbclk'. [/home/fpga/xdc/top_level.xdc:101]
CRITICAL WARNING: [Common 17-55] 'set_property' expects at least one object. [/home/fpga/xdc/top_level.xdc:101]
Resolution: If [get_<value>] was used to populate the object, check to make sure this command returns at least one valid object.
WARNING: [Vivado 12-584] No ports matched 'pmodblock'. [/home/fpga/xdc/top_level.xdc:102]
CRITICAL WARNING: [Common 17-55] 'set_property' expects at least one object. [/home/fpga/xdc/top_level.xdc:102]
Resolution: If [get_<value>] was used to populate the object, check to make sure this command returns at least one valid object.
WARNING: [Vivado 12-584] No ports matched 'hdmi_clk_n'. [/home/fpga/xdc/top_level.xdc:110]
CRITICAL WARNING: [Common 17-55] 'set_property' expects at least one object. [/home/fpga/xdc/top_level.xdc:110]
Resolution: If [get_<value>] was used to populate the object, check to make sure this command returns at least one valid object.
WARNING: [Vivado 12-584] No ports matched 'hdmi_clk_p'. [/home/fpga/xdc/top_level.xdc:111]
CRITICAL WARNING: [Common 17-55] 'set_property' expects at least one object. [/home/fpga/xdc/top_level.xdc:111]
Resolution: If [get_<value>] was used to populate the object, check to make sure this command returns at least one valid object.
WARNING: [Vivado 12-584] No ports matched 'hdmi_tx_n[0]'. [/home/fpga/xdc/top_level.xdc:112]
CRITICAL WARNING: [Common 17-55] 'set_property' expects at least one object. [/home/fpga/xdc/top_level.xdc:112]
Resolution: If [get_<value>] was used to populate the object, check to make sure this command returns at least one valid object.
WARNING: [Vivado 12-584] No ports matched 'hdmi_tx_n[1]'. [/home/fpga/xdc/top_level.xdc:113]
CRITICAL WARNING: [Common 17-55] 'set_property' expects at least one object. [/home/fpga/xdc/top_level.xdc:113]
Resolution: If [get_<value>] was used to populate the object, check to make sure this command returns at least one valid object.
WARNING: [Vivado 12-584] No ports matched 'hdmi_tx_n[2]'. [/home/fpga/xdc/top_level.xdc:114]
CRITICAL WARNING: [Common 17-55] 'set_property' expects at least one object. [/home/fpga/xdc/top_level.xdc:114]
Resolution: If [get_<value>] was used to populate the object, check to make sure this command returns at least one valid object.
WARNING: [Vivado 12-584] No ports matched 'hdmi_tx_p[0]'. [/home/fpga/xdc/top_level.xdc:115]
CRITICAL WARNING: [Common 17-55] 'set_property' expects at least one object. [/home/fpga/xdc/top_level.xdc:115]
Resolution: If [get_<value>] was used to populate the object, check to make sure this command returns at least one valid object.
WARNING: [Vivado 12-584] No ports matched 'hdmi_tx_p[1]'. [/home/fpga/xdc/top_level.xdc:116]
CRITICAL WARNING: [Common 17-55] 'set_property' expects at least one object. [/home/fpga/xdc/top_level.xdc:116]
Resolution: If [get_<value>] was used to populate the object, check to make sure this command returns at least one valid object.
WARNING: [Vivado 12-584] No ports matched 'hdmi_tx_p[2]'. [/home/fpga/xdc/top_level.xdc:117]
CRITICAL WARNING: [Common 17-55] 'set_property' expects at least one object. [/home/fpga/xdc/top_level.xdc:117]
Resolution: If [get_<value>] was used to populate the object, check to make sure this command returns at least one valid object.
WARNING: [Vivado 12-584] No ports matched 'mic_clk'. [/home/fpga/xdc/top_level.xdc:124]
CRITICAL WARNING: [Common 17-55] 'set_property' expects at least one object. [/home/fpga/xdc/top_level.xdc:124]
Resolution: If [get_<value>] was used to populate the object, check to make sure this command returns at least one valid object.
WARNING: [Vivado 12-584] No ports matched 'mic_data'. [/home/fpga/xdc/top_level.xdc:125]
CRITICAL WARNING: [Common 17-55] 'set_property' expects at least one object. [/home/fpga/xdc/top_level.xdc:125]
Resolution: If [get_<value>] was used to populate the object, check to make sure this command returns at least one valid object.
WARNING: [Vivado 12-584] No ports matched 'mic*'. [/home/fpga/xdc/top_level.xdc:126]
CRITICAL WARNING: [Common 17-55] 'set_property' expects at least one object. [/home/fpga/xdc/top_level.xdc:126]
Resolution: If [get_<value>] was used to populate the object, check to make sure this command returns at least one valid object.
Finished Parsing XDC File [/home/fpga/xdc/top_level.xdc]
INFO: [Project 1-236] Implementation specific constraints were found while reading constraint file [/home/fpga/xdc/top_level.xdc]. These constraints will be ignored for synthesis but will be used in implementation. Impacted constraints are listed in the file [.Xil/top_level_propImpl.xdc].
Resolution: To avoid this warning, move constraints listed in [.Xil/top_level_propImpl.xdc] to another XDC file and exclude this new file from synthesis with the used_in_synthesis property (File Properties dialog in GUI) and re-run elaboration/synthesis.
INFO: [Timing 38-2] Deriving generated clocks
Completed Processing XDC Constraints

Netlist sorting complete. Time (s): cpu = 00:00:00 ; elapsed = 00:00:00 . Memory (MB): peak = 2150.551 ; gain = 0.000 ; free physical = 3195 ; free virtual = 8694
INFO: [Project 1-111] Unisim Transformation Summary:
No Unisim elements were transformed.

Constraint Validation Runtime : Time (s): cpu = 00:00:00 ; elapsed = 00:00:00 . Memory (MB): peak = 2150.551 ; gain = 0.000 ; free physical = 3195 ; free virtual = 8694
---------------------------------------------------------------------------------
Finished Constraint Validation : Time (s): cpu = 00:00:06 ; elapsed = 00:00:09 . Memory (MB): peak = 2150.551 ; gain = 542.242 ; free physical = 3192 ; free virtual = 8692
---------------------------------------------------------------------------------
---------------------------------------------------------------------------------
Start Loading Part and Timing Information
---------------------------------------------------------------------------------
Loading part: xc7s50csga324-1
---------------------------------------------------------------------------------
Finished Loading Part and Timing Information : Time (s): cpu = 00:00:06 ; elapsed = 00:00:09 . Memory (MB): peak = 2150.551 ; gain = 542.242 ; free physical = 3192 ; free virtual = 8692
---------------------------------------------------------------------------------
---------------------------------------------------------------------------------
Start Applying 'set_property' XDC Constraints
---------------------------------------------------------------------------------
---------------------------------------------------------------------------------
Finished applying 'set_property' XDC Constraints : Time (s): cpu = 00:00:06 ; elapsed = 00:00:09 . Memory (MB): peak = 2150.551 ; gain = 542.242 ; free physical = 3192 ; free virtual = 8692
---------------------------------------------------------------------------------
---------------------------------------------------------------------------------
Finished RTL Optimization Phase 2 : Time (s): cpu = 00:00:06 ; elapsed = 00:00:09 . Memory (MB): peak = 2150.551 ; gain = 542.242 ; free physical = 3190 ; free virtual = 8690
---------------------------------------------------------------------------------
---------------------------------------------------------------------------------
Start RTL Component Statistics 
---------------------------------------------------------------------------------
Detailed RTL Component Info : 
+---Adders : 
	   4 Input   17 Bit       Adders := 1     
	   2 Input    4 Bit       Adders := 1     
+---Registers : 
	               17 Bit    Registers := 1     
	                8 Bit    Registers := 2     
+---Muxes : 
	   2 Input   16 Bit        Muxes := 1     
	   2 Input    8 Bit        Muxes := 1     
---------------------------------------------------------------------------------
Finished RTL Component Statistics 
---------------------------------------------------------------------------------
---------------------------------------------------------------------------------
Start Part Resource Summary
---------------------------------------------------------------------------------
Part Resources:
DSPs: 120 (col length:60)
BRAMs: 150 (col length: RAMB18 60 RAMB36 30)
---------------------------------------------------------------------------------
Finished Part Resource Summary
---------------------------------------------------------------------------------
---------------------------------------------------------------------------------
Start Cross Boundary and Area Optimization
---------------------------------------------------------------------------------
WARNING: [Synth 8-7080] Parallel synthesis criteria is not met
WARNING: [Synth 8-3917] design top_level has port rgb0[2] driven by constant 0
WARNING: [Synth 8-3917] design top_level has port rgb0[1] driven by constant 0
WARNING: [Synth 8-3917] design top_level has port rgb0[0] driven by constant 0
WARNING: [Synth 8-3917] design top_level has port rgb1[2] driven by constant 0
WARNING: [Synth 8-3917] design top_level has port rgb1[1] driven by constant 0
WARNING: [Synth 8-3917] design top_level has port rgb1[0] driven by constant 0
WARNING: [Synth 8-7129] Port pmodb[7] in module top_level is either unconnected or has no load
WARNING: [Synth 8-7129] Port pmodb[6] in module top_level is either unconnected or has no load
WARNING: [Synth 8-7129] Port pmodb[5] in module top_level is either unconnected or has no load
WARNING: [Synth 8-7129] Port pmodb[4] in module top_level is either unconnected or has no load
WARNING: [Synth 8-7129] Port pmodb[3] in module top_level is either unconnected or has no load
WARNING: [Synth 8-7129] Port pmodb[2] in module top_level is either unconnected or has no load
WARNING: [Synth 8-7129] Port pmodb[1] in module top_level is either unconnected or has no load
WARNING: [Synth 8-7129] Port pmodb[0] in module top_level is either unconnected or has no load
WARNING: [Synth 8-7129] Port ss0_c[6] in module top_level is either unconnected or has no load
WARNING: [Synth 8-7129] Port ss0_c[5] in module top_level is either unconnected or has no load
WARNING: [Synth 8-7129] Port ss0_c[4] in module top_level is either unconnected or has no load
WARNING: [Synth 8-7129] Port ss0_c[3] in module top_level is either unconnected or has no load
WARNING: [Synth 8-7129] Port ss0_c[2] in module top_level is either unconnected or has no load
WARNING: [Synth 8-7129] Port ss0_c[1] in module top_level is either unconnected or has no load
WARNING: [Synth 8-7129] Port ss0_c[0] in module top_level is either unconnected or has no load
WARNING: [Synth 8-7129] Port ss1_c[6] in module top_level is either unconnected or has no load
WARNING: [Synth 8-7129] Port ss1_c[5] in module top_level is either unconnected or has no load
WARNING: [Synth 8-7129] Port ss1_c[4] in module top_level is either unconnected or has no load
WARNING: [Synth 8-7129] Port ss1_c[3] in module top_level is either unconnected or has no load
WARNING: [Synth 8-7129] Port ss1_c[2] in module top_level is either unconnected or has no load
WARNING: [Synth 8-7129] Port ss1_c[1] in module top_level is either unconnected or has no load
WARNING: [Synth 8-7129] Port ss1_c[0] in module top_level is either unconnected or has no load
WARNING: [Synth 8-7129] Port ss0_an[3] in module top_level is either unconnected or has no load
WARNING: [Synth 8-7129] Port ss0_an[2] in module top_level is either unconnected or has no load
WARNING: [Synth 8-7129] Port ss0_an[1] in module top_level is either unconnected or has no load
WARNING: [Synth 8-7129] Port ss0_an[0] in module top_level is either unconnected or has no load
WARNING: [Synth 8-7129] Port ss1_an[3] in module top_level is either unconnected or has no load
WARNING: [Synth 8-7129] Port ss1_an[2] in module top_level is either unconnected or has no load
WARNING: [Synth 8-7129] Port ss1_an[1] in module top_level is either unconnected or has no load
WARNING: [Synth 8-7129] Port ss1_an[0] in module top_level is either unconnected or has no load
WARNING: [Synth 8-7129] Port uart_txd in module top_level is either unconnected or has no load
WARNING: [Synth 8-7129] Port pmoda[7] in module top_level is either unconnected or has no load
WARNING: [Synth 8-7129] Port pmoda[6] in module top_level is either unconnected or has no load
WARNING: [Synth 8-7129] Port pmoda[5] in module top_level is either unconnected or has no load
WARNING: [Synth 8-7129] Port pmoda[4] in module top_level is either unconnected or has no load
WARNING: [Synth 8-7129] Port pmoda[3] in module top_level is either unconnected or has no load
WARNING: [Synth 8-7129] Port pmoda[2] in module top_level is either unconnected or has no load
WARNING: [Synth 8-7129] Port pmoda[1] in module top_level is either unconnected or has no load
WARNING: [Synth 8-7129] Port pmoda[0] in module top_level is either unconnected or has no load
WARNING: [Synth 8-7129] Port btn[3] in module top_level is either unconnected or has no load
WARNING: [Synth 8-7129] Port btn[2] in module top_level is either unconnected or has no load
WARNING: [Synth 8-7129] Port btn[1] in module top_level is either unconnected or has no load
WARNING: [Synth 8-7129] Port uart_rxd in module top_level is either unconnected or has no load
CRITICAL WARNING: [Synth 8-6859] multi-driven net on pin Q with 1st driver pin 'my_pdm/pdm_counter_reg[3]/Q' [/home/fpga/hdl/pdm.sv:28]
CRITICAL WARNING: [Synth 8-6859] multi-driven net on pin Q with 2nd driver pin 'GND' [/home/fpga/hdl/pdm.sv:28]
CRITICAL WARNING: [Synth 8-6858] multi-driven net Q is connected to at least one constant driver which has been preserved, other driver is ignored [/home/fpga/hdl/pdm.sv:28]
CRITICAL WARNING: [Synth 8-6859] multi-driven net on pin Q with 1st driver pin 'my_pdm/pdm_counter_reg[2]/Q' [/home/fpga/hdl/pdm.sv:28]
CRITICAL WARNING: [Synth 8-6859] multi-driven net on pin Q with 2nd driver pin 'GND' [/home/fpga/hdl/pdm.sv:28]
CRITICAL WARNING: [Synth 8-6858] multi-driven net Q is connected to at least one constant driver which has been preserved, other driver is ignored [/home/fpga/hdl/pdm.sv:28]
CRITICAL WARNING: [Synth 8-6859] multi-driven net on pin Q with 1st driver pin 'my_pdm/pdm_counter_reg[1]/Q' [/home/fpga/hdl/pdm.sv:28]
CRITICAL WARNING: [Synth 8-6859] multi-driven net on pin Q with 2nd driver pin 'GND' [/home/fpga/hdl/pdm.sv:28]
CRITICAL WARNING: [Synth 8-6858] multi-driven net Q is connected to at least one constant driver which has been preserved, other driver is ignored [/home/fpga/hdl/pdm.sv:28]
CRITICAL WARNING: [Synth 8-6859] multi-driven net on pin Q with 1st driver pin 'my_pdm/pdm_counter_reg[0]/Q' [/home/fpga/hdl/pdm.sv:28]
CRITICAL WARNING: [Synth 8-6859] multi-driven net on pin Q with 2nd driver pin 'GND' [/home/fpga/hdl/pdm.sv:28]
CRITICAL WARNING: [Synth 8-6858] multi-driven net Q is connected to at least one constant driver which has been preserved, other driver is ignored [/home/fpga/hdl/pdm.sv:28]
---------------------------------------------------------------------------------
Finished Cross Boundary and Area Optimization : Time (s): cpu = 00:00:07 ; elapsed = 00:00:09 . Memory (MB): peak = 2150.551 ; gain = 542.242 ; free physical = 3171 ; free virtual = 8677
---------------------------------------------------------------------------------
---------------------------------------------------------------------------------
Start ROM, RAM, DSP, Shift Register and Retiming Reporting
---------------------------------------------------------------------------------

ROM: Preliminary Mapping Report
+------------+------------------------+---------------+----------------+
|Module Name | RTL Object             | Depth x Width | Implemented As | 
+------------+------------------------+---------------+----------------+
|sine_lut    | amp_out                | 64x8          | LUT            | 
|top_level   | sine_440/lut_1/amp_out | 64x8          | LUT            | 
|top_level   | sine_750/lut_1/amp_out | 64x8          | LUT            | 
+------------+------------------------+---------------+----------------+

---------------------------------------------------------------------------------
Finished ROM, RAM, DSP, Shift Register and Retiming Reporting
---------------------------------------------------------------------------------
---------------------------------------------------------------------------------
Start Applying XDC Timing Constraints
---------------------------------------------------------------------------------
---------------------------------------------------------------------------------
Finished Applying XDC Timing Constraints : Time (s): cpu = 00:00:09 ; elapsed = 00:00:12 . Memory (MB): peak = 2150.551 ; gain = 542.242 ; free physical = 3162 ; free virtual = 8676
---------------------------------------------------------------------------------
---------------------------------------------------------------------------------
Start Timing Optimization
---------------------------------------------------------------------------------
---------------------------------------------------------------------------------
Finished Timing Optimization : Time (s): cpu = 00:00:09 ; elapsed = 00:00:12 . Memory (MB): peak = 2150.551 ; gain = 542.242 ; free physical = 3162 ; free virtual = 8676
---------------------------------------------------------------------------------
---------------------------------------------------------------------------------
Start Technology Mapping
---------------------------------------------------------------------------------
---------------------------------------------------------------------------------
Finished Technology Mapping : Time (s): cpu = 00:00:09 ; elapsed = 00:00:12 . Memory (MB): peak = 2150.551 ; gain = 542.242 ; free physical = 3162 ; free virtual = 8676
---------------------------------------------------------------------------------
---------------------------------------------------------------------------------
Start IO Insertion
---------------------------------------------------------------------------------
---------------------------------------------------------------------------------
Start Flattening Before IO Insertion
---------------------------------------------------------------------------------
---------------------------------------------------------------------------------
Finished Flattening Before IO Insertion
---------------------------------------------------------------------------------
---------------------------------------------------------------------------------
Start Final Netlist Cleanup
---------------------------------------------------------------------------------
---------------------------------------------------------------------------------
Finished Final Netlist Cleanup
---------------------------------------------------------------------------------
---------------------------------------------------------------------------------
Finished IO Insertion : Time (s): cpu = 00:00:10 ; elapsed = 00:00:13 . Memory (MB): peak = 2150.551 ; gain = 542.242 ; free physical = 3162 ; free virtual = 8676
---------------------------------------------------------------------------------
---------------------------------------------------------------------------------
Start Renaming Generated Instances
---------------------------------------------------------------------------------
---------------------------------------------------------------------------------
Finished Renaming Generated Instances : Time (s): cpu = 00:00:10 ; elapsed = 00:00:13 . Memory (MB): peak = 2150.551 ; gain = 542.242 ; free physical = 3162 ; free virtual = 8676
---------------------------------------------------------------------------------
---------------------------------------------------------------------------------
Start Rebuilding User Hierarchy
---------------------------------------------------------------------------------
---------------------------------------------------------------------------------
Finished Rebuilding User Hierarchy : Time (s): cpu = 00:00:10 ; elapsed = 00:00:13 . Memory (MB): peak = 2150.551 ; gain = 542.242 ; free physical = 3162 ; free virtual = 8676
---------------------------------------------------------------------------------
---------------------------------------------------------------------------------
Start Renaming Generated Ports
---------------------------------------------------------------------------------
---------------------------------------------------------------------------------
Finished Renaming Generated Ports : Time (s): cpu = 00:00:10 ; elapsed = 00:00:13 . Memory (MB): peak = 2150.551 ; gain = 542.242 ; free physical = 3162 ; free virtual = 8676
---------------------------------------------------------------------------------
---------------------------------------------------------------------------------
Start Handling Custom Attributes
---------------------------------------------------------------------------------
---------------------------------------------------------------------------------
Finished Handling Custom Attributes : Time (s): cpu = 00:00:10 ; elapsed = 00:00:13 . Memory (MB): peak = 2150.551 ; gain = 542.242 ; free physical = 3162 ; free virtual = 8676
---------------------------------------------------------------------------------
---------------------------------------------------------------------------------
Start Renaming Generated Nets
---------------------------------------------------------------------------------
---------------------------------------------------------------------------------
Finished Renaming Generated Nets : Time (s): cpu = 00:00:10 ; elapsed = 00:00:13 . Memory (MB): peak = 2150.551 ; gain = 542.242 ; free physical = 3162 ; free virtual = 8676
---------------------------------------------------------------------------------
---------------------------------------------------------------------------------
Start Writing Synthesis Report
---------------------------------------------------------------------------------

Report BlackBoxes: 
+-+--------------+----------+
| |BlackBox name |Instances |
+-+--------------+----------+
+-+--------------+----------+

Report Cell Usage: 
+------+-----------+------+
|      |Cell       |Count |
+------+-----------+------+
|1     |BUFG       |     2|
|2     |CARRY4     |    17|
|3     |LUT1       |    18|
|4     |LUT2       |     5|
|5     |LUT4       |     8|
|6     |LUT6       |     6|
|7     |MMCME2_ADV |     1|
|8     |FDRE       |    72|
|9     |IBUF       |    18|
|10    |OBUF       |    24|
|11    |OBUFT      |    31|
+------+-----------+------+
---------------------------------------------------------------------------------
Finished Writing Synthesis Report : Time (s): cpu = 00:00:10 ; elapsed = 00:00:13 . Memory (MB): peak = 2150.551 ; gain = 542.242 ; free physical = 3162 ; free virtual = 8676
---------------------------------------------------------------------------------
Synthesis finished with 0 errors, 12 critical warnings and 50 warnings.
Synthesis Optimization Runtime : Time (s): cpu = 00:00:09 ; elapsed = 00:00:12 . Memory (MB): peak = 2150.551 ; gain = 463.520 ; free physical = 3162 ; free virtual = 8676
Synthesis Optimization Complete : Time (s): cpu = 00:00:10 ; elapsed = 00:00:13 . Memory (MB): peak = 2150.559 ; gain = 542.242 ; free physical = 3161 ; free virtual = 8676
INFO: [Project 1-571] Translating synthesized netlist
Netlist sorting complete. Time (s): cpu = 00:00:00 ; elapsed = 00:00:00 . Memory (MB): peak = 2150.559 ; gain = 0.000 ; free physical = 3161 ; free virtual = 8676
INFO: [Netlist 29-17] Analyzing 18 Unisim elements for replacement
INFO: [Netlist 29-28] Unisim Transformation completed in 0 CPU seconds
INFO: [Project 1-570] Preparing netlist for logic optimization
Parsing XDC File [/home/fpga/xdc/top_level.xdc]
WARNING: [Vivado 12-584] No ports matched 'pmodbclk'. [/home/fpga/xdc/top_level.xdc:101]
CRITICAL WARNING: [Common 17-55] 'set_property' expects at least one object. [/home/fpga/xdc/top_level.xdc:101]
Resolution: If [get_<value>] was used to populate the object, check to make sure this command returns at least one valid object.
WARNING: [Vivado 12-584] No ports matched 'pmodblock'. [/home/fpga/xdc/top_level.xdc:102]
CRITICAL WARNING: [Common 17-55] 'set_property' expects at least one object. [/home/fpga/xdc/top_level.xdc:102]
Resolution: If [get_<value>] was used to populate the object, check to make sure this command returns at least one valid object.
WARNING: [Vivado 12-584] No ports matched 'hdmi_clk_n'. [/home/fpga/xdc/top_level.xdc:110]
CRITICAL WARNING: [Common 17-55] 'set_property' expects at least one object. [/home/fpga/xdc/top_level.xdc:110]
Resolution: If [get_<value>] was used to populate the object, check to make sure this command returns at least one valid object.
WARNING: [Vivado 12-584] No ports matched 'hdmi_clk_p'. [/home/fpga/xdc/top_level.xdc:111]
CRITICAL WARNING: [Common 17-55] 'set_property' expects at least one object. [/home/fpga/xdc/top_level.xdc:111]
Resolution: If [get_<value>] was used to populate the object, check to make sure this command returns at least one valid object.
WARNING: [Vivado 12-584] No ports matched 'hdmi_tx_n[0]'. [/home/fpga/xdc/top_level.xdc:112]
CRITICAL WARNING: [Common 17-55] 'set_property' expects at least one object. [/home/fpga/xdc/top_level.xdc:112]
Resolution: If [get_<value>] was used to populate the object, check to make sure this command returns at least one valid object.
WARNING: [Vivado 12-584] No ports matched 'hdmi_tx_n[1]'. [/home/fpga/xdc/top_level.xdc:113]
CRITICAL WARNING: [Common 17-55] 'set_property' expects at least one object. [/home/fpga/xdc/top_level.xdc:113]
Resolution: If [get_<value>] was used to populate the object, check to make sure this command returns at least one valid object.
WARNING: [Vivado 12-584] No ports matched 'hdmi_tx_n[2]'. [/home/fpga/xdc/top_level.xdc:114]
CRITICAL WARNING: [Common 17-55] 'set_property' expects at least one object. [/home/fpga/xdc/top_level.xdc:114]
Resolution: If [get_<value>] was used to populate the object, check to make sure this command returns at least one valid object.
WARNING: [Vivado 12-584] No ports matched 'hdmi_tx_p[0]'. [/home/fpga/xdc/top_level.xdc:115]
CRITICAL WARNING: [Common 17-55] 'set_property' expects at least one object. [/home/fpga/xdc/top_level.xdc:115]
Resolution: If [get_<value>] was used to populate the object, check to make sure this command returns at least one valid object.
WARNING: [Vivado 12-584] No ports matched 'hdmi_tx_p[1]'. [/home/fpga/xdc/top_level.xdc:116]
CRITICAL WARNING: [Common 17-55] 'set_property' expects at least one object. [/home/fpga/xdc/top_level.xdc:116]
Resolution: If [get_<value>] was used to populate the object, check to make sure this command returns at least one valid object.
WARNING: [Vivado 12-584] No ports matched 'hdmi_tx_p[2]'. [/home/fpga/xdc/top_level.xdc:117]
CRITICAL WARNING: [Common 17-55] 'set_property' expects at least one object. [/home/fpga/xdc/top_level.xdc:117]
Resolution: If [get_<value>] was used to populate the object, check to make sure this command returns at least one valid object.
WARNING: [Vivado 12-584] No ports matched 'mic_clk'. [/home/fpga/xdc/top_level.xdc:124]
CRITICAL WARNING: [Common 17-55] 'set_property' expects at least one object. [/home/fpga/xdc/top_level.xdc:124]
Resolution: If [get_<value>] was used to populate the object, check to make sure this command returns at least one valid object.
WARNING: [Vivado 12-584] No ports matched 'mic_data'. [/home/fpga/xdc/top_level.xdc:125]
CRITICAL WARNING: [Common 17-55] 'set_property' expects at least one object. [/home/fpga/xdc/top_level.xdc:125]
Resolution: If [get_<value>] was used to populate the object, check to make sure this command returns at least one valid object.
WARNING: [Vivado 12-584] No ports matched 'mic*'. [/home/fpga/xdc/top_level.xdc:126]
CRITICAL WARNING: [Common 17-55] 'set_property' expects at least one object. [/home/fpga/xdc/top_level.xdc:126]
Resolution: If [get_<value>] was used to populate the object, check to make sure this command returns at least one valid object.
Finished Parsing XDC File [/home/fpga/xdc/top_level.xdc]
INFO: [Opt 31-138] Pushed 0 inverter(s) to 0 load pin(s).
Netlist sorting complete. Time (s): cpu = 00:00:00 ; elapsed = 00:00:00 . Memory (MB): peak = 2150.559 ; gain = 0.000 ; free physical = 3439 ; free virtual = 8956
INFO: [Project 1-111] Unisim Transformation Summary:
No Unisim elements were transformed.

Synth Design complete | Checksum: a97d01f9
INFO: [Common 17-83] Releasing license: Synthesis
36 Infos, 134 Warnings, 38 Critical Warnings and 0 Errors encountered.
synth_design completed successfully
synth_design: Time (s): cpu = 00:00:14 ; elapsed = 00:00:16 . Memory (MB): peak = 2150.559 ; gain = 857.312 ; free physical = 3439 ; free virtual = 8956
INFO: [Common 17-2834] synth_design peak Physical Memory [PSS] (MB): overall = 1950.238; main = 1658.729; forked = 430.144
INFO: [Common 17-2834] synth_design peak Virtual Memory [VSS] (MB): overall = 3125.359; main = 2150.555; forked = 974.805
# write_checkpoint -force $outputDir/post_synth.dcp
INFO: [Timing 38-480] Writing timing data to binary archive.
Writing XDEF routing.
Writing XDEF routing logical nets.
Writing XDEF routing special nets.
Write XDEF Complete: Time (s): cpu = 00:00:00.01 ; elapsed = 00:00:00 . Memory (MB): peak = 2166.559 ; gain = 0.000 ; free physical = 3438 ; free virtual = 8956
INFO: [Common 17-1381] The checkpoint '/home/fpga/obj/post_synth.dcp' has been generated.
# report_timing_summary -file $outputDir/post_synth_timing_summary.rpt
INFO: [Timing 38-35] Done setting XDC timing constraints.
INFO: [Timing 38-2] Deriving generated clocks
INFO: [Timing 38-91] UpdateTimingParams: Speed grade: -1, Delay Type: min_max.
# report_utilization -file $outputDir/post_synth_util.rpt
# report_timing -file $outputDir/post_synth_timing.rpt
INFO: [Timing 38-91] UpdateTimingParams: Speed grade: -1, Delay Type: max.
INFO: [Timing 38-78] ReportTimingParams: -max_paths 1 -nworst 1 -delay_type max -sort_by slack.
# opt_design
Command: opt_design
Attempting to get a license for feature 'Implementation' and/or device 'xc7s50'
INFO: [Common 17-349] Got license for feature 'Implementation' and/or device 'xc7s50'
Running DRC as a precondition to command opt_design

Starting DRC Task
INFO: [Project 1-461] DRC finished with 0 Errors
INFO: [Project 1-462] Please refer to the DRC report (report_drc) for more information.

Time (s): cpu = 00:00:00.21 ; elapsed = 00:00:00.22 . Memory (MB): peak = 2239.223 ; gain = 19.879 ; free physical = 3372 ; free virtual = 8907

Starting Cache Timing Information Task
Ending Cache Timing Information Task | Checksum: 183c574fc

Time (s): cpu = 00:00:00 ; elapsed = 00:00:00 . Memory (MB): peak = 2239.223 ; gain = 0.000 ; free physical = 3372 ; free virtual = 8907

Starting Logic Optimization Task

Phase 1 Retarget
INFO: [Opt 31-138] Pushed 0 inverter(s) to 0 load pin(s).
INFO: [Opt 31-49] Retargeted 0 cell(s).
Phase 1 Retarget | Checksum: 183c574fc

Time (s): cpu = 00:00:00.01 ; elapsed = 00:00:00 . Memory (MB): peak = 2462.223 ; gain = 0.000 ; free physical = 3135 ; free virtual = 8670
INFO: [Opt 31-389] Phase Retarget created 0 cells and removed 0 cells
INFO: [Opt 31-1021] In phase Retarget, 1 netlist objects are constrained preventing optimization. Please run opt_design with -debug_log to get more detail. 

Phase 2 Constant propagation
INFO: [Opt 31-138] Pushed 0 inverter(s) to 0 load pin(s).
Phase 2 Constant propagation | Checksum: 183c574fc

Time (s): cpu = 00:00:00.01 ; elapsed = 00:00:00.04 . Memory (MB): peak = 2462.223 ; gain = 0.000 ; free physical = 3135 ; free virtual = 8669
INFO: [Opt 31-389] Phase Constant propagation created 0 cells and removed 0 cells

Phase 3 Sweep
Phase 3 Sweep | Checksum: 1c596915b

Time (s): cpu = 00:00:00.02 ; elapsed = 00:00:00.04 . Memory (MB): peak = 2462.223 ; gain = 0.000 ; free physical = 3135 ; free virtual = 8669
INFO: [Opt 31-389] Phase Sweep created 0 cells and removed 0 cells

Phase 4 BUFG optimization
Phase 4 BUFG optimization | Checksum: 1c596915b

Time (s): cpu = 00:00:00.02 ; elapsed = 00:00:00.04 . Memory (MB): peak = 2486.234 ; gain = 24.012 ; free physical = 3134 ; free virtual = 8669
INFO: [Opt 31-662] Phase BUFG optimization created 0 cells of which 0 are BUFGs and removed 0 cells.

Phase 5 Shift Register Optimization
INFO: [Opt 31-1064] SRL Remap converted 0 SRLs to 0 registers and converted 0 registers of register chains to 0 SRLs
Phase 5 Shift Register Optimization | Checksum: 193a3720a

Time (s): cpu = 00:00:00.03 ; elapsed = 00:00:00.04 . Memory (MB): peak = 2486.234 ; gain = 24.012 ; free physical = 3134 ; free virtual = 8669
INFO: [Opt 31-389] Phase Shift Register Optimization created 0 cells and removed 0 cells

Phase 6 Post Processing Netlist
Phase 6 Post Processing Netlist | Checksum: 193a3720a

Time (s): cpu = 00:00:00.03 ; elapsed = 00:00:00.04 . Memory (MB): peak = 2486.234 ; gain = 24.012 ; free physical = 3134 ; free virtual = 8669
INFO: [Opt 31-389] Phase Post Processing Netlist created 0 cells and removed 0 cells
Opt_design Change Summary
=========================


-------------------------------------------------------------------------------------------------------------------------
|  Phase                        |  #Cells created  |  #Cells Removed  |  #Constrained objects preventing optimizations  |
-------------------------------------------------------------------------------------------------------------------------
|  Retarget                     |               0  |               0  |                                              1  |
|  Constant propagation         |               0  |               0  |                                              0  |
|  Sweep                        |               0  |               0  |                                              0  |
|  BUFG optimization            |               0  |               0  |                                              0  |
|  Shift Register Optimization  |               0  |               0  |                                              0  |
|  Post Processing Netlist      |               0  |               0  |                                              0  |
-------------------------------------------------------------------------------------------------------------------------



Starting Connectivity Check Task

Time (s): cpu = 00:00:00 ; elapsed = 00:00:00 . Memory (MB): peak = 2486.234 ; gain = 0.000 ; free physical = 3134 ; free virtual = 8669
Ending Logic Optimization Task | Checksum: 193a3720a

Time (s): cpu = 00:00:00.03 ; elapsed = 00:00:00.04 . Memory (MB): peak = 2486.234 ; gain = 24.012 ; free physical = 3134 ; free virtual = 8669

Starting Power Optimization Task
INFO: [Pwropt 34-132] Skipping clock gating for clocks with a period < 2.00 ns.
Ending Power Optimization Task | Checksum: 193a3720a

Time (s): cpu = 00:00:00.01 ; elapsed = 00:00:00 . Memory (MB): peak = 2486.234 ; gain = 0.000 ; free physical = 3134 ; free virtual = 8669

Starting Final Cleanup Task
Ending Final Cleanup Task | Checksum: 193a3720a

Time (s): cpu = 00:00:00 ; elapsed = 00:00:00 . Memory (MB): peak = 2486.234 ; gain = 0.000 ; free physical = 3134 ; free virtual = 8669

Starting Netlist Obfuscation Task
Netlist sorting complete. Time (s): cpu = 00:00:00 ; elapsed = 00:00:00 . Memory (MB): peak = 2486.234 ; gain = 0.000 ; free physical = 3134 ; free virtual = 8669
Ending Netlist Obfuscation Task | Checksum: 193a3720a

Time (s): cpu = 00:00:00 ; elapsed = 00:00:00 . Memory (MB): peak = 2486.234 ; gain = 0.000 ; free physical = 3134 ; free virtual = 8669
INFO: [Common 17-83] Releasing license: Implementation
16 Infos, 0 Warnings, 0 Critical Warnings and 0 Errors encountered.
opt_design completed successfully
# place_design
Command: place_design
Attempting to get a license for feature 'Implementation' and/or device 'xc7s50'
INFO: [Common 17-349] Got license for feature 'Implementation' and/or device 'xc7s50'
INFO: [Vivado_Tcl 4-198] DRC finished with 0 Errors
INFO: [Vivado_Tcl 4-199] Please refer to the DRC report (report_drc) for more information.
Running DRC as a precondition to command place_design
INFO: [Vivado_Tcl 4-198] DRC finished with 0 Errors
INFO: [Vivado_Tcl 4-199] Please refer to the DRC report (report_drc) for more information.

Starting Placer Task

Phase 1 Placer Initialization

Phase 1.1 Placer Initialization Netlist Sorting
Netlist sorting complete. Time (s): cpu = 00:00:00 ; elapsed = 00:00:00 . Memory (MB): peak = 2486.234 ; gain = 0.000 ; free physical = 3133 ; free virtual = 8669
Phase 1.1 Placer Initialization Netlist Sorting | Checksum: 133385313

Time (s): cpu = 00:00:00.01 ; elapsed = 00:00:00 . Memory (MB): peak = 2486.234 ; gain = 0.000 ; free physical = 3133 ; free virtual = 8669
Netlist sorting complete. Time (s): cpu = 00:00:00 ; elapsed = 00:00:00 . Memory (MB): peak = 2486.234 ; gain = 0.000 ; free physical = 3133 ; free virtual = 8669

Phase 1.2 IO Placement/ Clock Placement/ Build Placer Device
INFO: [Timing 38-35] Done setting XDC timing constraints.
Phase 1.2 IO Placement/ Clock Placement/ Build Placer Device | Checksum: 104353297

Time (s): cpu = 00:00:00.07 ; elapsed = 00:00:00.07 . Memory (MB): peak = 2486.234 ; gain = 0.000 ; free physical = 3129 ; free virtual = 8669

Phase 1.3 Build Placer Netlist Model
Phase 1.3 Build Placer Netlist Model | Checksum: 1bdf49364

Time (s): cpu = 00:00:00.07 ; elapsed = 00:00:00.1 . Memory (MB): peak = 2486.234 ; gain = 0.000 ; free physical = 3128 ; free virtual = 8669

Phase 1.4 Constrain Clocks/Macros
Phase 1.4 Constrain Clocks/Macros | Checksum: 1bdf49364

Time (s): cpu = 00:00:00.07 ; elapsed = 00:00:00.13 . Memory (MB): peak = 2486.234 ; gain = 0.000 ; free physical = 3128 ; free virtual = 8669
Phase 1 Placer Initialization | Checksum: 1bdf49364

Time (s): cpu = 00:00:00.08 ; elapsed = 00:00:00.13 . Memory (MB): peak = 2486.234 ; gain = 0.000 ; free physical = 3128 ; free virtual = 8669

Phase 2 Global Placement

Phase 2.1 Floorplanning
Phase 2.1 Floorplanning | Checksum: 1f4b4ae46

Time (s): cpu = 00:00:00.08 ; elapsed = 00:00:00.13 . Memory (MB): peak = 2486.234 ; gain = 0.000 ; free physical = 3127 ; free virtual = 8669

Phase 2.2 Update Timing before SLR Path Opt
Phase 2.2 Update Timing before SLR Path Opt | Checksum: 1b2ecd673

Time (s): cpu = 00:00:00.08 ; elapsed = 00:00:00.13 . Memory (MB): peak = 2486.234 ; gain = 0.000 ; free physical = 3127 ; free virtual = 8669

Phase 2.3 Post-Processing in Floorplanning
Phase 2.3 Post-Processing in Floorplanning | Checksum: 1b2ecd673

Time (s): cpu = 00:00:00.08 ; elapsed = 00:00:00.13 . Memory (MB): peak = 2486.234 ; gain = 0.000 ; free physical = 3127 ; free virtual = 8669

Phase 2.4 Global Placement Core

Phase 2.4.1 UpdateTiming Before Physical Synthesis
Phase 2.4.1 UpdateTiming Before Physical Synthesis | Checksum: 11cf2f4ba

Time (s): cpu = 00:00:00.12 ; elapsed = 00:00:00.2 . Memory (MB): peak = 2486.234 ; gain = 0.000 ; free physical = 3125 ; free virtual = 8669

Phase 2.4.2 Physical Synthesis In Placer
INFO: [Physopt 32-1044] Break lutnm for timing: one critical 0, two critical 0, total 0, new lutff created 0
INFO: [Physopt 32-1138] End 1 Pass. Optimized 0 net or LUT. Breaked 0 LUT, combined 0 existing LUT and moved 0 existing LUT
INFO: [Physopt 32-65] No nets found for high-fanout optimization.
INFO: [Physopt 32-232] Optimized 0 net. Created 0 new instance.
INFO: [Physopt 32-775] End 1 Pass. Optimized 0 net or cell. Created 0 new cell, deleted 0 existing cell and moved 0 existing cell
INFO: [Physopt 32-670] No setup violation found.  DSP Register Optimization was not performed.
INFO: [Physopt 32-670] No setup violation found.  Shift Register to Pipeline Optimization was not performed.
INFO: [Physopt 32-670] No setup violation found.  Shift Register Optimization was not performed.
INFO: [Physopt 32-670] No setup violation found.  BRAM Register Optimization was not performed.
INFO: [Physopt 32-670] No setup violation found.  URAM Register Optimization was not performed.
INFO: [Physopt 32-949] No candidate nets found for dynamic/static region interface net replication
INFO: [Physopt 32-775] End 1 Pass. Optimized 0 net or cell. Created 0 new cell, deleted 0 existing cell and moved 0 existing cell
Netlist sorting complete. Time (s): cpu = 00:00:00 ; elapsed = 00:00:00 . Memory (MB): peak = 2486.234 ; gain = 0.000 ; free physical = 3122 ; free virtual = 8669

Summary of Physical Synthesis Optimizations
============================================


-----------------------------------------------------------------------------------------------------------------------------------------------------------
|  Optimization                                     |  Added Cells  |  Removed Cells  |  Optimized Cells/Nets  |  Dont Touch  |  Iterations  |  Elapsed   |
-----------------------------------------------------------------------------------------------------------------------------------------------------------
|  LUT Combining                                    |            0  |              0  |                     0  |           0  |           1  |  00:00:00  |
|  Retime                                           |            0  |              0  |                     0  |           0  |           1  |  00:00:00  |
|  Very High Fanout                                 |            0  |              0  |                     0  |           0  |           1  |  00:00:00  |
|  DSP Register                                     |            0  |              0  |                     0  |           0  |           0  |  00:00:00  |
|  Shift Register to Pipeline                       |            0  |              0  |                     0  |           0  |           0  |  00:00:00  |
|  Shift Register                                   |            0  |              0  |                     0  |           0  |           0  |  00:00:00  |
|  BRAM Register                                    |            0  |              0  |                     0  |           0  |           0  |  00:00:00  |
|  URAM Register                                    |            0  |              0  |                     0  |           0  |           0  |  00:00:00  |
|  Dynamic/Static Region Interface Net Replication  |            0  |              0  |                     0  |           0  |           1  |  00:00:00  |
|  Total                                            |            0  |              0  |                     0  |           0  |           4  |  00:00:00  |
-----------------------------------------------------------------------------------------------------------------------------------------------------------


Phase 2.4.2 Physical Synthesis In Placer | Checksum: 11cf2f4ba

Time (s): cpu = 00:00:00.28 ; elapsed = 00:00:00.43 . Memory (MB): peak = 2486.234 ; gain = 0.000 ; free physical = 3122 ; free virtual = 8669
Phase 2.4 Global Placement Core | Checksum: 1e2f8f2c7

Time (s): cpu = 00:00:00.29 ; elapsed = 00:00:00.43 . Memory (MB): peak = 2486.234 ; gain = 0.000 ; free physical = 3122 ; free virtual = 8669
Phase 2 Global Placement | Checksum: 1e2f8f2c7

Time (s): cpu = 00:00:00.29 ; elapsed = 00:00:00.43 . Memory (MB): peak = 2486.234 ; gain = 0.000 ; free physical = 3122 ; free virtual = 8669

Phase 3 Detail Placement

Phase 3.1 Commit Multi Column Macros
Phase 3.1 Commit Multi Column Macros | Checksum: 12e839541

Time (s): cpu = 00:00:00.3 ; elapsed = 00:00:00.43 . Memory (MB): peak = 2486.234 ; gain = 0.000 ; free physical = 3122 ; free virtual = 8669

Phase 3.2 Commit Most Macros & LUTRAMs
Phase 3.2 Commit Most Macros & LUTRAMs | Checksum: 251aeb8f0

Time (s): cpu = 00:00:00.3 ; elapsed = 00:00:00.43 . Memory (MB): peak = 2486.234 ; gain = 0.000 ; free physical = 3122 ; free virtual = 8669

Phase 3.3 Area Swap Optimization
Phase 3.3 Area Swap Optimization | Checksum: 24d5b41ba

Time (s): cpu = 00:00:00.31 ; elapsed = 00:00:00.43 . Memory (MB): peak = 2486.234 ; gain = 0.000 ; free physical = 3122 ; free virtual = 8669

Phase 3.4 Pipeline Register Optimization
Phase 3.4 Pipeline Register Optimization | Checksum: 24d5b41ba

Time (s): cpu = 00:00:00.31 ; elapsed = 00:00:00.43 . Memory (MB): peak = 2486.234 ; gain = 0.000 ; free physical = 3122 ; free virtual = 8669

Phase 3.5 Small Shape Detail Placement
Phase 3.5 Small Shape Detail Placement | Checksum: 198474f47

Time (s): cpu = 00:00:00.33 ; elapsed = 00:00:00.5 . Memory (MB): peak = 2486.234 ; gain = 0.000 ; free physical = 3121 ; free virtual = 8669

Phase 3.6 Re-assign LUT pins
Phase 3.6 Re-assign LUT pins | Checksum: 198474f47

Time (s): cpu = 00:00:00.33 ; elapsed = 00:00:00.5 . Memory (MB): peak = 2486.234 ; gain = 0.000 ; free physical = 3121 ; free virtual = 8669

Phase 3.7 Pipeline Register Optimization
Phase 3.7 Pipeline Register Optimization | Checksum: 198474f47

Time (s): cpu = 00:00:00.33 ; elapsed = 00:00:00.5 . Memory (MB): peak = 2486.234 ; gain = 0.000 ; free physical = 3121 ; free virtual = 8669
Phase 3 Detail Placement | Checksum: 198474f47

Time (s): cpu = 00:00:00.33 ; elapsed = 00:00:00.5 . Memory (MB): peak = 2486.234 ; gain = 0.000 ; free physical = 3121 ; free virtual = 8669

Phase 4 Post Placement Optimization and Clean-Up

Phase 4.1 Post Commit Optimization
INFO: [Timing 38-35] Done setting XDC timing constraints.

Phase 4.1.1 Post Placement Optimization
Post Placement Optimization Initialization | Checksum: 1b33df1ca

Phase 4.1.1.1 BUFG Insertion

Starting Physical Synthesis Task

Phase 1 Physical Synthesis Initialization
INFO: [Physopt 32-721] Multithreading enabled for phys_opt_design using a maximum of 1 CPUs
INFO: [Physopt 32-619] Estimated Timing Summary | WNS=6.884 | TNS=0.000 |
Phase 1 Physical Synthesis Initialization | Checksum: 16243cf6c

Time (s): cpu = 00:00:00 ; elapsed = 00:00:00 . Memory (MB): peak = 2486.234 ; gain = 0.000 ; free physical = 3121 ; free virtual = 8669
INFO: [Place 46-56] BUFG insertion identified 0 candidate nets. Inserted BUFG: 0, Replicated BUFG Driver: 0, Skipped due to Placement/Routing Conflicts: 0, Skipped due to Timing Degradation: 0, Skipped due to netlist editing failed: 0.
Ending Physical Synthesis Task | Checksum: 16243cf6c

Time (s): cpu = 00:00:00.01 ; elapsed = 00:00:00 . Memory (MB): peak = 2486.234 ; gain = 0.000 ; free physical = 3121 ; free virtual = 8669
Phase 4.1.1.1 BUFG Insertion | Checksum: 1b33df1ca

Time (s): cpu = 00:00:00.36 ; elapsed = 00:00:00.53 . Memory (MB): peak = 2486.234 ; gain = 0.000 ; free physical = 3121 ; free virtual = 8669

Phase 4.1.1.2 Post Placement Timing Optimization
INFO: [Place 30-746] Post Placement Timing Summary WNS=6.884. For the most accurate timing information please run report_timing.
Phase 4.1.1.2 Post Placement Timing Optimization | Checksum: 1f92e4cef

Time (s): cpu = 00:00:00.36 ; elapsed = 00:00:00.53 . Memory (MB): peak = 2486.234 ; gain = 0.000 ; free physical = 3121 ; free virtual = 8669

Time (s): cpu = 00:00:00.36 ; elapsed = 00:00:00.53 . Memory (MB): peak = 2486.234 ; gain = 0.000 ; free physical = 3121 ; free virtual = 8669
Phase 4.1 Post Commit Optimization | Checksum: 1f92e4cef

Time (s): cpu = 00:00:00.36 ; elapsed = 00:00:00.53 . Memory (MB): peak = 2486.234 ; gain = 0.000 ; free physical = 3121 ; free virtual = 8669

Phase 4.2 Post Placement Cleanup
Phase 4.2 Post Placement Cleanup | Checksum: 1f92e4cef

Time (s): cpu = 00:00:00.36 ; elapsed = 00:00:00.53 . Memory (MB): peak = 2486.234 ; gain = 0.000 ; free physical = 3121 ; free virtual = 8669

Phase 4.3 Placer Reporting

Phase 4.3.1 Print Estimated Congestion
INFO: [Place 30-612] Post-Placement Estimated Congestion 
 ____________________________________________________
|           | Global Congestion | Short Congestion  |
| Direction | Region Size       | Region Size       |
|___________|___________________|___________________|
|      North|                1x1|                1x1|
|___________|___________________|___________________|
|      South|                1x1|                1x1|
|___________|___________________|___________________|
|       East|                1x1|                1x1|
|___________|___________________|___________________|
|       West|                1x1|                1x1|
|___________|___________________|___________________|

Phase 4.3.1 Print Estimated Congestion | Checksum: 1f92e4cef

Time (s): cpu = 00:00:00.36 ; elapsed = 00:00:00.53 . Memory (MB): peak = 2486.234 ; gain = 0.000 ; free physical = 3121 ; free virtual = 8669
Phase 4.3 Placer Reporting | Checksum: 1f92e4cef

Time (s): cpu = 00:00:00.36 ; elapsed = 00:00:00.53 . Memory (MB): peak = 2486.234 ; gain = 0.000 ; free physical = 3121 ; free virtual = 8669

Phase 4.4 Final Placement Cleanup
Netlist sorting complete. Time (s): cpu = 00:00:00 ; elapsed = 00:00:00 . Memory (MB): peak = 2486.234 ; gain = 0.000 ; free physical = 3121 ; free virtual = 8669

Time (s): cpu = 00:00:00.36 ; elapsed = 00:00:00.53 . Memory (MB): peak = 2486.234 ; gain = 0.000 ; free physical = 3121 ; free virtual = 8669
Phase 4 Post Placement Optimization and Clean-Up | Checksum: 25d712ddf

Time (s): cpu = 00:00:00.36 ; elapsed = 00:00:00.53 . Memory (MB): peak = 2486.234 ; gain = 0.000 ; free physical = 3121 ; free virtual = 8669
Ending Placer Task | Checksum: 1661b9165

Time (s): cpu = 00:00:00.36 ; elapsed = 00:00:00.53 . Memory (MB): peak = 2486.234 ; gain = 0.000 ; free physical = 3121 ; free virtual = 8669
INFO: [Common 17-83] Releasing license: Implementation
25 Infos, 0 Warnings, 0 Critical Warnings and 0 Errors encountered.
place_design completed successfully
# report_clock_utilization -file $outputDir/clock_util.rpt
# if {[get_property SLACK [get_timing_paths -max_paths 1 -nworst 1 -setup]] < 0} {
#  puts "Found setup timing violations => running physical optimization"
#  phys_opt_design
# }
# write_checkpoint -force $outputDir/post_place.dcp
INFO: [Timing 38-480] Writing timing data to binary archive.
Writing XDEF routing.
Writing XDEF routing logical nets.
Writing XDEF routing special nets.
Write XDEF Complete: Time (s): cpu = 00:00:00.01 ; elapsed = 00:00:00 . Memory (MB): peak = 2510.246 ; gain = 0.000 ; free physical = 3120 ; free virtual = 8669
INFO: [Common 17-1381] The checkpoint '/home/fpga/obj/post_place.dcp' has been generated.
# report_utilization -file $outputDir/post_place_util.rpt
# report_timing_summary -file $outputDir/post_place_timing_summary.rpt
# report_timing -file $outputDir/post_place_timing.rpt
INFO: [Timing 38-78] ReportTimingParams: -max_paths 1 -nworst 1 -delay_type max -sort_by slack.
# route_design -directive Explore
Command: route_design -directive Explore
Attempting to get a license for feature 'Implementation' and/or device 'xc7s50'
INFO: [Common 17-349] Got license for feature 'Implementation' and/or device 'xc7s50'
Running DRC as a precondition to command route_design
INFO: [Vivado_Tcl 4-198] DRC finished with 0 Errors
INFO: [Vivado_Tcl 4-199] Please refer to the DRC report (report_drc) for more information.


Starting Routing Task
INFO: [Route 35-270] Using Router directive 'Explore'.

Phase 1 Build RT Design
Checksum: PlaceDB: a280c11b ConstDB: 0 ShapeSum: c39ad04a RouteDB: 0
Post Restoration Checksum: NetGraph: 2b386139 | NumContArr: bd510f3c | Constraints: 190a55ad | Timing: 0
Phase 1 Build RT Design | Checksum: 10193c622

Time (s): cpu = 00:00:07 ; elapsed = 00:00:07 . Memory (MB): peak = 2510.246 ; gain = 0.000 ; free physical = 3113 ; free virtual = 8664

Phase 2 Router Initialization

Phase 2.1 Fix Topology Constraints
Phase 2.1 Fix Topology Constraints | Checksum: 10193c622

Time (s): cpu = 00:00:07 ; elapsed = 00:00:07 . Memory (MB): peak = 2510.246 ; gain = 0.000 ; free physical = 3113 ; free virtual = 8664

Phase 2.2 Pre Route Cleanup
Phase 2.2 Pre Route Cleanup | Checksum: 10193c622

Time (s): cpu = 00:00:07 ; elapsed = 00:00:07 . Memory (MB): peak = 2510.246 ; gain = 0.000 ; free physical = 3113 ; free virtual = 8664
 Number of Nodes with overlaps = 0

Phase 2.3 Update Timing
Phase 2.3 Update Timing | Checksum: c4a6d6ec

Time (s): cpu = 00:00:07 ; elapsed = 00:00:07 . Memory (MB): peak = 2510.246 ; gain = 0.000 ; free physical = 3113 ; free virtual = 8664
INFO: [Route 35-416] Intermediate Timing Summary | WNS=6.890  | TNS=0.000  | WHS=-0.040 | THS=-0.584 |


Router Utilization Summary
  Global Vertical Routing Utilization    = 0 %
  Global Horizontal Routing Utilization  = 0 %
  Routable Net Status*
  *Does not include unroutable nets such as driverless and loadless.
  Run report_route_status for detailed report.
  Number of Failed Nets               = 107
    (Failed Nets is the sum of unrouted and partially routed nets)
  Number of Unrouted Nets             = 107
  Number of Partially Routed Nets     = 0
  Number of Node Overlaps             = 0

Phase 2 Router Initialization | Checksum: fc295550

Time (s): cpu = 00:00:07 ; elapsed = 00:00:07 . Memory (MB): peak = 2510.246 ; gain = 0.000 ; free physical = 3113 ; free virtual = 8664

Phase 3 Initial Routing

Phase 3.1 Global Routing
Phase 3.1 Global Routing | Checksum: fc295550

Time (s): cpu = 00:00:07 ; elapsed = 00:00:07 . Memory (MB): peak = 2510.246 ; gain = 0.000 ; free physical = 3112 ; free virtual = 8664
Phase 3 Initial Routing | Checksum: 1afd65a10

Time (s): cpu = 00:00:07 ; elapsed = 00:00:07 . Memory (MB): peak = 2510.246 ; gain = 0.000 ; free physical = 3112 ; free virtual = 8664

Phase 4 Rip-up And Reroute

Phase 4.1 Global Iteration 0
 Number of Nodes with overlaps = 1
 Number of Nodes with overlaps = 0
INFO: [Route 35-416] Intermediate Timing Summary | WNS=6.662  | TNS=0.000  | WHS=N/A    | THS=N/A    |

Phase 4.1 Global Iteration 0 | Checksum: 118b21672

Time (s): cpu = 00:00:07 ; elapsed = 00:00:07 . Memory (MB): peak = 2510.246 ; gain = 0.000 ; free physical = 3112 ; free virtual = 8664
Phase 4 Rip-up And Reroute | Checksum: 118b21672

Time (s): cpu = 00:00:07 ; elapsed = 00:00:07 . Memory (MB): peak = 2510.246 ; gain = 0.000 ; free physical = 3112 ; free virtual = 8664

Phase 5 Delay and Skew Optimization

Phase 5.1 Delay CleanUp
Phase 5.1 Delay CleanUp | Checksum: 118b21672

Time (s): cpu = 00:00:07 ; elapsed = 00:00:07 . Memory (MB): peak = 2510.246 ; gain = 0.000 ; free physical = 3112 ; free virtual = 8664

Phase 5.2 Clock Skew Optimization
Phase 5.2 Clock Skew Optimization | Checksum: 118b21672

Time (s): cpu = 00:00:07 ; elapsed = 00:00:07 . Memory (MB): peak = 2510.246 ; gain = 0.000 ; free physical = 3112 ; free virtual = 8664
Phase 5 Delay and Skew Optimization | Checksum: 118b21672

Time (s): cpu = 00:00:07 ; elapsed = 00:00:07 . Memory (MB): peak = 2510.246 ; gain = 0.000 ; free physical = 3112 ; free virtual = 8664

Phase 6 Post Hold Fix

Phase 6.1 Hold Fix Iter

Phase 6.1.1 Update Timing
Phase 6.1.1 Update Timing | Checksum: 1c8572fb3

Time (s): cpu = 00:00:07 ; elapsed = 00:00:07 . Memory (MB): peak = 2510.246 ; gain = 0.000 ; free physical = 3112 ; free virtual = 8664
INFO: [Route 35-416] Intermediate Timing Summary | WNS=6.742  | TNS=0.000  | WHS=0.207  | THS=0.000  |

Phase 6.1 Hold Fix Iter | Checksum: 1c8572fb3

Time (s): cpu = 00:00:07 ; elapsed = 00:00:07 . Memory (MB): peak = 2510.246 ; gain = 0.000 ; free physical = 3112 ; free virtual = 8664
Phase 6 Post Hold Fix | Checksum: 1c8572fb3

Time (s): cpu = 00:00:07 ; elapsed = 00:00:07 . Memory (MB): peak = 2510.246 ; gain = 0.000 ; free physical = 3112 ; free virtual = 8664

Phase 7 Route finalize

Router Utilization Summary
  Global Vertical Routing Utilization    = 0.0259109 %
  Global Horizontal Routing Utilization  = 0.0886257 %
  Routable Net Status*
  *Does not include unroutable nets such as driverless and loadless.
  Run report_route_status for detailed report.
  Number of Failed Nets               = 0
    (Failed Nets is the sum of unrouted and partially routed nets)
  Number of Unrouted Nets             = 0
  Number of Partially Routed Nets     = 0
  Number of Node Overlaps             = 0

Phase 7 Route finalize | Checksum: 11c8edd47

Time (s): cpu = 00:00:07 ; elapsed = 00:00:07 . Memory (MB): peak = 2510.246 ; gain = 0.000 ; free physical = 3112 ; free virtual = 8664

Phase 8 Verifying routed nets

 Verification completed successfully
Phase 8 Verifying routed nets | Checksum: 11c8edd47

Time (s): cpu = 00:00:07 ; elapsed = 00:00:07 . Memory (MB): peak = 2510.246 ; gain = 0.000 ; free physical = 3111 ; free virtual = 8664

Phase 9 Depositing Routes
Phase 9 Depositing Routes | Checksum: 13bff9ffa

Time (s): cpu = 00:00:07 ; elapsed = 00:00:07 . Memory (MB): peak = 2510.246 ; gain = 0.000 ; free physical = 3111 ; free virtual = 8664

Phase 10 Post Router Timing
INFO: [Route 35-20] Post Routing Timing Summary | WNS=6.740  | TNS=0.000  | WHS=0.206  | THS=0.000  |

Phase 10 Post Router Timing | Checksum: 10456d708

Time (s): cpu = 00:00:07 ; elapsed = 00:00:07 . Memory (MB): peak = 2510.246 ; gain = 0.000 ; free physical = 3111 ; free virtual = 8664
INFO: [Route 35-61] The design met the timing requirement.
INFO: [Route 35-16] Router Completed Successfully

Phase 11 Post-Route Event Processing
Phase 11 Post-Route Event Processing | Checksum: d40ebc1f

Time (s): cpu = 00:00:07 ; elapsed = 00:00:07 . Memory (MB): peak = 2510.246 ; gain = 0.000 ; free physical = 3111 ; free virtual = 8664

Time (s): cpu = 00:00:07 ; elapsed = 00:00:07 . Memory (MB): peak = 2510.246 ; gain = 0.000 ; free physical = 3111 ; free virtual = 8664

Routing Is Done.
INFO: [Common 17-83] Releasing license: Implementation
11 Infos, 0 Warnings, 0 Critical Warnings and 0 Errors encountered.
route_design completed successfully
route_design: Time (s): cpu = 00:00:07 ; elapsed = 00:00:08 . Memory (MB): peak = 2510.246 ; gain = 0.000 ; free physical = 3111 ; free virtual = 8663
# write_checkpoint -force $outputDir/post_route.dcp
INFO: [Timing 38-480] Writing timing data to binary archive.
Writing XDEF routing.
Writing XDEF routing logical nets.
Writing XDEF routing special nets.
Write XDEF Complete: Time (s): cpu = 00:00:00.01 ; elapsed = 00:00:00.02 . Memory (MB): peak = 2510.246 ; gain = 0.000 ; free physical = 3109 ; free virtual = 8663
INFO: [Common 17-1381] The checkpoint '/home/fpga/obj/post_route.dcp' has been generated.
# report_route_status -file $outputDir/post_route_status.rpt
# report_timing_summary -file $outputDir/post_route_timing_summary.rpt
# report_timing -file $outputDir/post_route_timing.rpt
INFO: [Timing 38-78] ReportTimingParams: -max_paths 1 -nworst 1 -delay_type max -sort_by slack.
# report_power -file $outputDir/post_route_power.rpt
Command: report_power -file obj/post_route_power.rpt
Running Vector-less Activity Propagation...

Finished Running Vector-less Activity Propagation
0 Infos, 0 Warnings, 0 Critical Warnings and 0 Errors encountered.
report_power completed successfully
# report_drc -file $outputDir/post_imp_drc.rpt
Command: report_drc -file obj/post_imp_drc.rpt
INFO: [IP_Flow 19-234] Refreshing IP repositories
INFO: [IP_Flow 19-1704] No user IP repositories specified
INFO: [IP_Flow 19-2313] Loaded Vivado IP repository '/opt/Xilinx/Vivado/2023.1/data/ip'.
INFO: [Vivado_Tcl 2-168] The results of DRC are in file /home/fpga/obj/post_imp_drc.rpt.
report_drc completed successfully
# write_bitstream -force $outputDir/final.bit
Command: write_bitstream -force obj/final.bit
Attempting to get a license for feature 'Implementation' and/or device 'xc7s50'
INFO: [Common 17-349] Got license for feature 'Implementation' and/or device 'xc7s50'
Running DRC as a precondition to command write_bitstream
INFO: [IP_Flow 19-1839] IP Catalog is up to date.
INFO: [Vivado 12-3199] DRC finished with 0 Errors
INFO: [Vivado 12-3200] Please refer to the DRC report (report_drc) for more information.
Loading data files...
Loading site data...
Loading route data...
Processing options...
Creating bitmap...
Creating bitstream...
Bitstream compression saved 14910080 bits.
Writing bitstream obj/final.bit...
INFO: [Vivado 12-1842] Bitgen Completed Successfully.
INFO: [Project 1-1876] WebTalk data collection is mandatory when using a ULT device. To see the specific WebTalk data collected for your design, open the usage_statistics_webtalk.html or usage_statistics_webtalk.xml file in the implementation directory.
INFO: [Common 17-83] Releasing license: Implementation
7 Infos, 0 Warnings, 0 Critical Warnings and 0 Errors encountered.
write_bitstream completed successfully
write_bitstream: Time (s): cpu = 00:00:03 ; elapsed = 00:00:14 . Memory (MB): peak = 2715.469 ; gain = 205.223 ; free physical = 2857 ; free virtual = 8422
INFO: [Common 17-206] Exiting Vivado at Wed Nov  8 02:34:06 2023...
