Copyright 1986-2022 Xilinx, Inc. All Rights Reserved. Copyright 2022-2023 Advanced Micro Devices, Inc. All Rights Reserved.
---------------------------------------------------------------------------------------------------------------------------------------------
| Tool Version : Vivado v.2023.1 (lin64) Build 3865809 Sun May  7 15:04:56 MDT 2023
| Date         : Mon Nov  6 02:43:02 2023
| Host         : worker running 64-bit Ubuntu 20.04.6 LTS
| Command      : report_timing -file obj/post_route_timing.rpt
| Design       : top_level
| Device       : 7s50-csga324
| Speed File   : -1  PRODUCTION 1.23 2018-06-13
| Design State : Routed
---------------------------------------------------------------------------------------------------------------------------------------------

Timing Report

Slack (MET) :             5.618ns  (required time - arrival time)
  Source:                 mssc/segment_counter_reg[6]/C
                            (rising edge-triggered cell FDRE clocked by clk_out_audio_clk_wiz  {rise@0.000ns fall@5.087ns period=10.173ns})
  Destination:            mssc/segment_counter_reg[28]/R
                            (rising edge-triggered cell FDRE clocked by clk_out_audio_clk_wiz  {rise@0.000ns fall@5.087ns period=10.173ns})
  Path Group:             clk_out_audio_clk_wiz
  Path Type:              Setup (Max at Slow Process Corner)
  Requirement:            10.173ns  (clk_out_audio_clk_wiz rise@10.173ns - clk_out_audio_clk_wiz rise@0.000ns)
  Data Path Delay:        3.992ns  (logic 0.828ns (20.742%)  route 3.164ns (79.258%))
  Logic Levels:           3  (LUT4=1 LUT5=2)
  Clock Path Skew:        -0.027ns (DCD - SCD + CPR)
    Destination Clock Delay (DCD):    -1.574ns = ( 8.600 - 10.173 ) 
    Source Clock Delay      (SCD):    -0.972ns
    Clock Pessimism Removal (CPR):    0.575ns
  Clock Uncertainty:      0.107ns  ((TSJ^2 + DJ^2)^1/2) / 2 + PE
    Total System Jitter     (TSJ):    0.071ns
    Discrete Jitter          (DJ):    0.203ns
    Phase Error              (PE):    0.000ns

    Location             Delay type                Incr(ns)  Path(ns)    Netlist Resource(s)
  -------------------------------------------------------------------    -------------------
                         (clock clk_out_audio_clk_wiz rise edge)
                                                      0.000     0.000 r  
    N15                                               0.000     0.000 r  clk_100mhz (IN)
                         net (fo=0)                   0.000     0.000    macw/clk_100mhz
    N15                  IBUF (Prop_ibuf_I_O)         1.440     1.440 r  macw/clkin1_ibufg/O
                         net (fo=1, routed)           1.233     2.673    macw/clk_in_audio_clk_wiz
    MMCME2_ADV_X0Y0      MMCME2_ADV (Prop_mmcme2_adv_CLKIN1_CLKOUT0)
                                                     -6.965    -4.291 r  macw/mmcm_adv_inst/CLKOUT0
                         net (fo=1, routed)           1.666    -2.625    macw/clk_out_audio_clk_wiz
    BUFGCTRL_X0Y1        BUFG (Prop_bufg_I_O)         0.096    -2.529 r  macw/clkout1_buf/O
                         net (fo=97, routed)          1.557    -0.972    mssc/clk_out
    SLICE_X9Y53          FDRE                                         r  mssc/segment_counter_reg[6]/C
  -------------------------------------------------------------------    -------------------
    SLICE_X9Y53          FDRE (Prop_fdre_C_Q)         0.456    -0.516 f  mssc/segment_counter_reg[6]/Q
                         net (fo=3, routed)           0.873     0.357    mssc/segment_counter_reg[6]
    SLICE_X8Y53          LUT4 (Prop_lut4_I2_O)        0.124     0.481 r  mssc/segment_counter[0]_i_10/O
                         net (fo=1, routed)           0.689     1.170    mssc/segment_counter[0]_i_10_n_0
    SLICE_X8Y53          LUT5 (Prop_lut5_I4_O)        0.124     1.294 r  mssc/segment_counter[0]_i_5/O
                         net (fo=1, routed)           0.731     2.025    mssc/segment_counter[0]_i_5_n_0
    SLICE_X8Y55          LUT5 (Prop_lut5_I2_O)        0.124     2.149 r  mssc/segment_counter[0]_i_1/O
                         net (fo=32, routed)          0.871     3.020    mssc/segment_counter[0]_i_1_n_0
    SLICE_X9Y59          FDRE                                         r  mssc/segment_counter_reg[28]/R
  -------------------------------------------------------------------    -------------------

                         (clock clk_out_audio_clk_wiz rise edge)
                                                     10.173    10.173 r  
    N15                                               0.000    10.173 r  clk_100mhz (IN)
                         net (fo=0)                   0.000    10.173    macw/clk_100mhz
    N15                  IBUF (Prop_ibuf_I_O)         1.370    11.543 r  macw/clkin1_ibufg/O
                         net (fo=1, routed)           1.162    12.705    macw/clk_in_audio_clk_wiz
    MMCME2_ADV_X0Y0      MMCME2_ADV (Prop_mmcme2_adv_CLKIN1_CLKOUT0)
                                                     -7.221     5.484 r  macw/mmcm_adv_inst/CLKOUT0
                         net (fo=1, routed)           1.587     7.071    macw/clk_out_audio_clk_wiz
    BUFGCTRL_X0Y1        BUFG (Prop_bufg_I_O)         0.091     7.162 r  macw/clkout1_buf/O
                         net (fo=97, routed)          1.438     8.600    mssc/clk_out
    SLICE_X9Y59          FDRE                                         r  mssc/segment_counter_reg[28]/C
                         clock pessimism              0.575     9.174    
                         clock uncertainty           -0.107     9.067    
    SLICE_X9Y59          FDRE (Setup_fdre_C_R)       -0.429     8.638    mssc/segment_counter_reg[28]
  -------------------------------------------------------------------
                         required time                          8.638    
                         arrival time                          -3.020    
  -------------------------------------------------------------------
                         slack                                  5.618    




