Copyright 1986-2022 Xilinx, Inc. All Rights Reserved. Copyright 2022-2023 Advanced Micro Devices, Inc. All Rights Reserved.
---------------------------------------------------------------------------------------------------------------------------------------------
| Tool Version : Vivado v.2023.1 (lin64) Build 3865809 Sun May  7 15:04:56 MDT 2023
| Date         : Sat Nov  4 20:28:31 2023
| Host         : worker running 64-bit Ubuntu 20.04.6 LTS
| Command      : report_timing -file obj/post_place_timing.rpt
| Design       : top_level
| Device       : 7s50-csga324
| Speed File   : -1  PRODUCTION 1.23 2018-06-13
| Design State : Fully Placed
---------------------------------------------------------------------------------------------------------------------------------------------

Timing Report

Slack (MET) :             5.986ns  (required time - arrival time)
  Source:                 mssc/segment_counter_reg[5]/C
                            (rising edge-triggered cell FDRE clocked by clk_out_audio_clk_wiz  {rise@0.000ns fall@5.087ns period=10.173ns})
  Destination:            mssc/segment_counter_reg[28]/R
                            (rising edge-triggered cell FDRE clocked by clk_out_audio_clk_wiz  {rise@0.000ns fall@5.087ns period=10.173ns})
  Path Group:             clk_out_audio_clk_wiz
  Path Type:              Setup (Max at Slow Process Corner)
  Requirement:            10.173ns  (clk_out_audio_clk_wiz rise@10.173ns - clk_out_audio_clk_wiz rise@0.000ns)
  Data Path Delay:        3.525ns  (logic 0.766ns (21.730%)  route 2.759ns (78.270%))
  Logic Levels:           2  (LUT6=2)
  Clock Path Skew:        -0.031ns (DCD - SCD + CPR)
    Destination Clock Delay (DCD):    -1.569ns = ( 8.604 - 10.173 ) 
    Source Clock Delay      (SCD):    -0.971ns
    Clock Pessimism Removal (CPR):    0.568ns
  Clock Uncertainty:      0.107ns  ((TSJ^2 + DJ^2)^1/2) / 2 + PE
    Total System Jitter     (TSJ):    0.071ns
    Discrete Jitter          (DJ):    0.203ns
    Phase Error              (PE):    0.000ns

    Location             Delay type                Incr(ns)  Path(ns)    Netlist Resource(s)
  -------------------------------------------------------------------    -------------------
                         (clock clk_out_audio_clk_wiz rise edge)
                                                      0.000     0.000 r  
    N15                                               0.000     0.000 r  clk_100mhz (IN)
                         net (fo=0)                   0.000     0.000    macw/clk_100mhz
    N15                  IBUF (Prop_ibuf_I_O)         1.440     1.440 r  macw/clkin1_ibufg/O
                         net (fo=1, estimated)        1.233     2.673    macw/clk_in_audio_clk_wiz
    MMCME2_ADV_X0Y0      MMCME2_ADV (Prop_mmcme2_adv_CLKIN1_CLKOUT0)
                                                     -7.025    -4.352 r  macw/mmcm_adv_inst/CLKOUT0
                         net (fo=1, estimated)        1.666    -2.686    macw/clk_out_audio_clk_wiz
    BUFGCTRL_X0Y0        BUFG (Prop_bufg_I_O)         0.096    -2.590 r  macw/clkout1_buf/O
                         net (fo=40, estimated)       1.619    -0.971    mssc/clk_out
    SLICE_X64Y64         FDRE                                         r  mssc/segment_counter_reg[5]/C
  -------------------------------------------------------------------    -------------------
    SLICE_X64Y64         FDRE (Prop_fdre_C_Q)         0.518    -0.453 r  mssc/segment_counter_reg[5]/Q
                         net (fo=2, estimated)        0.868     0.415    mssc/segment_counter_reg[5]
    SLICE_X65Y64         LUT6 (Prop_lut6_I0_O)        0.124     0.539 r  mssc/segment_state[7]_i_3/O
                         net (fo=1, estimated)        0.988     1.527    mssc/segment_state[7]_i_3_n_0
    SLICE_X65Y66         LUT6 (Prop_lut6_I1_O)        0.124     1.651 r  mssc/segment_state[7]_i_1/O
                         net (fo=40, estimated)       0.903     2.554    mssc/segment_state_0
    SLICE_X64Y70         FDRE                                         r  mssc/segment_counter_reg[28]/R
  -------------------------------------------------------------------    -------------------

                         (clock clk_out_audio_clk_wiz rise edge)
                                                     10.173    10.173 r  
    N15                                               0.000    10.173 r  clk_100mhz (IN)
                         net (fo=0)                   0.000    10.173    macw/clk_100mhz
    N15                  IBUF (Prop_ibuf_I_O)         1.370    11.543 r  macw/clkin1_ibufg/O
                         net (fo=1, estimated)        1.171    12.715    macw/clk_in_audio_clk_wiz
    MMCME2_ADV_X0Y0      MMCME2_ADV (Prop_mmcme2_adv_CLKIN1_CLKOUT0)
                                                     -7.279     5.436 r  macw/mmcm_adv_inst/CLKOUT0
                         net (fo=1, estimated)        1.583     7.019    macw/clk_out_audio_clk_wiz
    BUFGCTRL_X0Y0        BUFG (Prop_bufg_I_O)         0.091     7.110 r  macw/clkout1_buf/O
                         net (fo=40, estimated)       1.494     8.604    mssc/clk_out
    SLICE_X64Y70         FDRE                                         r  mssc/segment_counter_reg[28]/C
                         clock pessimism              0.568     9.171    
                         clock uncertainty           -0.107     9.064    
    SLICE_X64Y70         FDRE (Setup_fdre_C_R)       -0.524     8.540    mssc/segment_counter_reg[28]
  -------------------------------------------------------------------
                         required time                          8.540    
                         arrival time                          -2.554    
  -------------------------------------------------------------------
                         slack                                  5.986    




